<?xml version="1.0" encoding="UTF-8"?>
<testsuite xmlns:xsi="http://www.w3.org/2001/XMLSchema-instance" xsi:noNamespaceSchemaLocation="https://maven.apache.org/surefire/maven-surefire-plugin/xsd/surefire-test-report.xsd" name="no.sampletest.SwagLoginTest" time="7.214" tests="2" errors="0" skipped="0" failures="0">
  <properties>
[...]
</properties>
  <testcase name="testLoginSuccess" classname="no.sampletest.SwagLoginTest" time="4.951"/>
  <testcase name="testLoginFailed" classname="no.sampletest.SwagLoginTest" time="2.23"/>
</testsuite>